Using pre-set license
Built from '2020.3/release' branch; Version is '2020.3.31f1 (6b54b7616050) revision 7034039'; Using compiler version '192528614'; Build Type 'Release'
OS: 'Windows 11  (10.0.22000) 64bit Core' Language: 'it' Physical Memory: 32677 MB
BatchMode: 1, IsHumanControllingUs: 0, StartBugReporterOnCrash: 0, Is64bit: 1, IsPro: 0

COMMAND LINE ARGUMENTS:
C:\Program Files\Unity\Hub\Editor\2020.3.31f1\Editor\Unity.exe
-adb2
-batchMode
-noUpm
-name
AssetImportWorker0
-projectPath
C:/Users/antonio/Desktop/Lactose-Nightmare/platform
-logFile
Logs/AssetImportWorker0.log
-srvPort
63165
Successfully changed project path to: C:/Users/antonio/Desktop/Lactose-Nightmare/platform
C:/Users/antonio/Desktop/Lactose-Nightmare/platform
Using Asset Import Pipeline V2.
Refreshing native plugins compatible for Editor in 37.29 ms, found 3 plugins.
Preloading 0 native plugins for Editor in 0.00 ms.
Initialize engine version: 2020.3.31f1 (6b54b7616050)
[Subsystems] Discovering subsystems at path C:/Program Files/Unity/Hub/Editor/2020.3.31f1/Editor/Data/Resources/UnitySubsystems
[Subsystems] Discovering subsystems at path C:/Users/antonio/Desktop/Lactose-Nightmare/platform/Assets
GfxDevice: creating device client; threaded=0
Direct3D:
    Version:  Direct3D 11.0 [level 11.1]
    Renderer: NVIDIA GeForce RTX 3070 Ti (ID=0x2482)
    Vendor:   
    VRAM:     8042 MB
    Driver:   30.0.15.1259
Initialize mono
Mono path[0] = 'C:/Program Files/Unity/Hub/Editor/2020.3.31f1/Editor/Data/Managed'
Mono path[1] = 'C:/Program Files/Unity/Hub/Editor/2020.3.31f1/Editor/Data/MonoBleedingEdge/lib/mono/unityjit'
Mono config path = 'C:/Program Files/Unity/Hub/Editor/2020.3.31f1/Editor/Data/MonoBleedingEdge/etc'
Using monoOptions --debugger-agent=transport=dt_socket,embedding=1,server=y,suspend=n,address=127.0.0.1:56036
Begin MonoManager ReloadAssembly
Registering precompiled unity dll's ...
Register platform support module: C:/Program Files/Unity/Hub/Editor/2020.3.31f1/Editor/Data/PlaybackEngines/WebGLSupport/UnityEditor.WebGL.Extensions.dll
Register platform support module: C:/Program Files/Unity/Hub/Editor/2020.3.31f1/Editor/Data/PlaybackEngines/WindowsStandaloneSupport/UnityEditor.WindowsStandalone.Extensions.dll
Registered in 0.002206 seconds.
Native extension for WindowsStandalone target not found
Native extension for WebGL target not found
Refreshing native plugins compatible for Editor in 35.24 ms, found 3 plugins.
Preloading 0 native plugins for Editor in 0.00 ms.
Mono: successfully reloaded assembly
- Completed reload, in  0.410 seconds
Domain Reload Profiling:
	ReloadAssembly (410ms)
		BeginReloadAssembly (48ms)
			ExecutionOrderSort (0ms)
			DisableScriptedObjects (0ms)
			BackupInstance (0ms)
			ReleaseScriptingObjects (0ms)
			CreateAndSetChildDomain (0ms)
		EndReloadAssembly (310ms)
			LoadAssemblies (47ms)
			RebuildTransferFunctionScriptingTraits (0ms)
			SetupTypeCache (98ms)
			ReleaseScriptCaches (0ms)
			RebuildScriptCaches (17ms)
			SetupLoadedEditorAssemblies (127ms)
				LogAssemblyErrors (0ms)
				InitializePlatformSupportModulesInManaged (4ms)
				SetLoadedEditorAssemblies (0ms)
				RefreshPlugins (35ms)
				BeforeProcessingInitializeOnLoad (8ms)
				ProcessInitializeOnLoadAttributes (60ms)
				ProcessInitializeOnLoadMethodAttributes (19ms)
				AfterProcessingInitializeOnLoad (0ms)
				EditorAssembliesLoaded (0ms)
			ExecutionOrderSort2 (0ms)
			AwakeInstancesAfterBackupRestoration (0ms)
Platform modules already initialized, skipping
Registering precompiled user dll's ...
Registered in 0.003624 seconds.
Begin MonoManager ReloadAssembly
Native extension for WindowsStandalone target not found
Native extension for WebGL target not found
Refreshing native plugins compatible for Editor in 34.71 ms, found 3 plugins.
Preloading 0 native plugins for Editor in 0.00 ms.
Mono: successfully reloaded assembly
- Completed reload, in  0.756 seconds
Domain Reload Profiling:
	ReloadAssembly (757ms)
		BeginReloadAssembly (100ms)
			ExecutionOrderSort (0ms)
			DisableScriptedObjects (3ms)
			BackupInstance (0ms)
			ReleaseScriptingObjects (0ms)
			CreateAndSetChildDomain (15ms)
		EndReloadAssembly (616ms)
			LoadAssemblies (75ms)
			RebuildTransferFunctionScriptingTraits (0ms)
			SetupTypeCache (183ms)
			ReleaseScriptCaches (0ms)
			RebuildScriptCaches (32ms)
			SetupLoadedEditorAssemblies (259ms)
				LogAssemblyErrors (0ms)
				InitializePlatformSupportModulesInManaged (3ms)
				SetLoadedEditorAssemblies (0ms)
				RefreshPlugins (35ms)
				BeforeProcessingInitializeOnLoad (61ms)
				ProcessInitializeOnLoadAttributes (143ms)
				ProcessInitializeOnLoadMethodAttributes (12ms)
				AfterProcessingInitializeOnLoad (5ms)
				EditorAssembliesLoaded (0ms)
			ExecutionOrderSort2 (0ms)
			AwakeInstancesAfterBackupRestoration (5ms)
Platform modules already initialized, skipping
========================================================================
Worker process is ready to serve import requests
Launched and connected shader compiler UnityShaderCompiler.exe after 0.03 seconds
Refreshing native plugins compatible for Editor in 0.48 ms, found 3 plugins.
Preloading 0 native plugins for Editor in 0.00 ms.
Unloading 2371 Unused Serialized files (Serialized files now loaded: 0)
System memory in use before: 103.4 MB.
System memory in use after: 103.5 MB.

Unloading 32 unused Assets to reduce memory usage. Loaded Objects now: 2804.
Total: 2.923300 ms (FindLiveObjects: 0.196900 ms CreateObjectMapping: 0.097200 ms MarkObjects: 2.504500 ms  DeleteObjects: 0.124000 ms)

AssetImportParameters requested are different than current active one (requested -> active):
  requireTextureImportCompression: false -> true
  custom:framework-win-MediaFoundation: 216162199b28c13a410421893ffa2e32 -> 
  custom:video-decoder-ogg-theora: a1e56fd34408186e4bbccfd4996cb3dc -> 
  custom:container-muxer-webm: aa71ff27fc2769a1b78a27578f13a17b -> 
  custom:container-demuxer-webm: 4f35f7cbe854078d1ac9338744f61a02 -> 
  custom:container-demuxer-ogg: 62fdf1f143b41e24485cea50d1cbac27 -> 
  custom:video-encoder-webm-vp8: eb34c28f22e8b96e1ab97ce403110664 -> 
  custom:video-codec-MediaFoundation-h265: 746d11721c4dcdbdad8f713fa42b33f4 -> 
  custom:video-decoder-webm-vp8: 9c59270c3fd7afecdb556c50c9e8de78 -> 
  custom:audio-decoder-ogg-vorbis: bf7c407c2cedff20999df2af8eb42d56 -> 
  custom:audio-encoder-webm-vorbis: bf7c407c2cedff20999df2af8eb42d56 -> 
========================================================================
Received Import Request.
  path: Assets/Tileset/prova.asset
  artifactKey: Guid(0aa697d48af62f14e81083a9072c2096) Importer(815301076,1909f56bfc062723c751e8b465ee728b)
Start importing Assets/Tileset/prova.asset using Guid(0aa697d48af62f14e81083a9072c2096) Importer(815301076,1909f56bfc062723c751e8b465ee728b)  -> (artifact id: '23ac7678b8f44655b6b3cbe157f38df2') in 0.069071 seconds 
========================================================================
Received Import Request.
  Time since last request: 5377.220985 seconds.
  path: Assets/Tileset/blocchidelVillaggio.png
  artifactKey: Guid(0b4bc921a28c29a4bb4a68864a773362) Importer(815301076,1909f56bfc062723c751e8b465ee728b)
Start importing Assets/Tileset/blocchidelVillaggio.png using Guid(0b4bc921a28c29a4bb4a68864a773362) Importer(815301076,1909f56bfc062723c751e8b465ee728b)  -> (artifact id: 'b9a0142b61866318ae1db7ad18b9bb08') in 0.139402 seconds 
========================================================================
Received Import Request.
  Time since last request: 986.553879 seconds.
  path: Assets/Tileset/blocchidelVillaggio.png
  artifactKey: Guid(0b4bc921a28c29a4bb4a68864a773362) Importer(815301076,1909f56bfc062723c751e8b465ee728b)
Start importing Assets/Tileset/blocchidelVillaggio.png using Guid(0b4bc921a28c29a4bb4a68864a773362) Importer(815301076,1909f56bfc062723c751e8b465ee728b)  -> (artifact id: '736ed33492d6529df478c99d991b4983') in 0.095692 seconds 
========================================================================
Received Import Request.
  Time since last request: 100.219610 seconds.
  path: Assets/Tileset/blocchidelVillaggio.png
  artifactKey: Guid(0b4bc921a28c29a4bb4a68864a773362) Importer(815301076,1909f56bfc062723c751e8b465ee728b)
Start importing Assets/Tileset/blocchidelVillaggio.png using Guid(0b4bc921a28c29a4bb4a68864a773362) Importer(815301076,1909f56bfc062723c751e8b465ee728b)  -> (artifact id: '9fd3288e6e3df45847e60d87291a7333') in 0.101846 seconds 
========================================================================
Received Import Request.
  Time since last request: 210.892359 seconds.
  path: Assets/Tileset/prova.asset
  artifactKey: Guid(0aa697d48af62f14e81083a9072c2096) Importer(815301076,1909f56bfc062723c751e8b465ee728b)
Start importing Assets/Tileset/prova.asset using Guid(0aa697d48af62f14e81083a9072c2096) Importer(815301076,1909f56bfc062723c751e8b465ee728b)  -> (artifact id: '0e05070d83511541c59c8fcb0420de06') in 0.008616 seconds 
========================================================================
Received Import Request.
  Time since last request: 27.042891 seconds.
  path: Assets/Tileset/tileRuleBlocchiVillaggio.asset
  artifactKey: Guid(0aa697d48af62f14e81083a9072c2096) Importer(815301076,1909f56bfc062723c751e8b465ee728b)
Start importing Assets/Tileset/tileRuleBlocchiVillaggio.asset using Guid(0aa697d48af62f14e81083a9072c2096) Importer(815301076,1909f56bfc062723c751e8b465ee728b)  -> (artifact id: '8ac64d07bb1bbc02cd3bf78a827a97b2') in 0.007692 seconds 
========================================================================
Received Import Request.
  Time since last request: 19.182060 seconds.
  path: Assets/Tileset/Tiles/blocchiDelVillaggio/blocks.asset
  artifactKey: Guid(4ab23d7121445bb47b16315dab9cf1c2) Importer(815301076,1909f56bfc062723c751e8b465ee728b)
Start importing Assets/Tileset/Tiles/blocchiDelVillaggio/blocks.asset using Guid(4ab23d7121445bb47b16315dab9cf1c2) Importer(815301076,1909f56bfc062723c751e8b465ee728b)  -> (artifact id: '630e885536f0cd8de5db2c2c9c3f7b79') in 0.006777 seconds 
========================================================================
Received Import Request.
  Time since last request: 55.861409 seconds.
  path: Assets/Tileset/Tiles/blocchidelVillaggio_46.asset
  artifactKey: Guid(31006cbb8c287cd4b91ab01112ae14b6) Importer(815301076,1909f56bfc062723c751e8b465ee728b)
Start importing Assets/Tileset/Tiles/blocchidelVillaggio_46.asset using Guid(31006cbb8c287cd4b91ab01112ae14b6) Importer(815301076,1909f56bfc062723c751e8b465ee728b)  -> (artifact id: '0dc5d7fb4f336694f71503d2fe312e89') in 0.006428 seconds 
========================================================================
Received Import Request.
  Time since last request: 2.818561 seconds.
  path: Assets/Tileset/Tiles/blocchidelVillaggio_0.asset
  artifactKey: Guid(655e5335520b1bc4db6f91caf62cbe42) Importer(815301076,1909f56bfc062723c751e8b465ee728b)
Start importing Assets/Tileset/Tiles/blocchidelVillaggio_0.asset using Guid(655e5335520b1bc4db6f91caf62cbe42) Importer(815301076,1909f56bfc062723c751e8b465ee728b)  -> (artifact id: '3717be10136e713b6e64e4280894f8a3') in 0.006045 seconds 
========================================================================
Received Import Request.
  Time since last request: 3.415966 seconds.
  path: Assets/Tileset/Tiles/blocchidelVillaggio_45.asset
  artifactKey: Guid(d3b3d3b16d90160438f5cb2d37d85141) Importer(815301076,1909f56bfc062723c751e8b465ee728b)
Start importing Assets/Tileset/Tiles/blocchidelVillaggio_45.asset using Guid(d3b3d3b16d90160438f5cb2d37d85141) Importer(815301076,1909f56bfc062723c751e8b465ee728b)  -> (artifact id: 'c33202ef99c4418ba4bd2833f2e81aee') in 0.008341 seconds 
========================================================================
Received Import Request.
  Time since last request: 1.934013 seconds.
  path: Assets/Tileset/Tiles/blocchidelVillaggio_4.asset
  artifactKey: Guid(17fe2d79292ed274bafe2f33d56ed8b0) Importer(815301076,1909f56bfc062723c751e8b465ee728b)
Start importing Assets/Tileset/Tiles/blocchidelVillaggio_4.asset using Guid(17fe2d79292ed274bafe2f33d56ed8b0) Importer(815301076,1909f56bfc062723c751e8b465ee728b)  -> (artifact id: '5518e70bce682f1e653cdbc80528489f') in 0.008379 seconds 
AssetImportWorkerClient::OnTransportError - code=2 error=End of file
