Using pre-set license
Built from '2020.3/release' branch; Version is '2020.3.31f1 (6b54b7616050) revision 7034039'; Using compiler version '192528614'; Build Type 'Release'
OS: 'Windows 11  (10.0.22000) 64bit Core' Language: 'it' Physical Memory: 32677 MB
BatchMode: 1, IsHumanControllingUs: 0, StartBugReporterOnCrash: 0, Is64bit: 1, IsPro: 0

COMMAND LINE ARGUMENTS:
C:\Program Files\Unity\Hub\Editor\2020.3.31f1\Editor\Unity.exe
-adb2
-batchMode
-noUpm
-name
AssetImportWorker0
-projectPath
C:/Users/antonio/platform
-logFile
Logs/AssetImportWorker0.log
-srvPort
63696
Successfully changed project path to: C:/Users/antonio/platform
C:/Users/antonio/platform
Using Asset Import Pipeline V2.
Refreshing native plugins compatible for Editor in 35.05 ms, found 3 plugins.
Preloading 0 native plugins for Editor in 0.00 ms.
Initialize engine version: 2020.3.31f1 (6b54b7616050)
[Subsystems] Discovering subsystems at path C:/Program Files/Unity/Hub/Editor/2020.3.31f1/Editor/Data/Resources/UnitySubsystems
[Subsystems] Discovering subsystems at path C:/Users/antonio/platform/Assets
GfxDevice: creating device client; threaded=0
Direct3D:
    Version:  Direct3D 11.0 [level 11.1]
    Renderer: NVIDIA GeForce RTX 3070 Ti (ID=0x2482)
    Vendor:   
    VRAM:     8042 MB
    Driver:   30.0.15.1259
Initialize mono
Mono path[0] = 'C:/Program Files/Unity/Hub/Editor/2020.3.31f1/Editor/Data/Managed'
Mono path[1] = 'C:/Program Files/Unity/Hub/Editor/2020.3.31f1/Editor/Data/MonoBleedingEdge/lib/mono/unityjit'
Mono config path = 'C:/Program Files/Unity/Hub/Editor/2020.3.31f1/Editor/Data/MonoBleedingEdge/etc'
Using monoOptions --debugger-agent=transport=dt_socket,embedding=1,server=y,suspend=n,address=127.0.0.1:56712
Begin MonoManager ReloadAssembly
Registering precompiled unity dll's ...
Register platform support module: C:/Program Files/Unity/Hub/Editor/2020.3.31f1/Editor/Data/PlaybackEngines/WebGLSupport/UnityEditor.WebGL.Extensions.dll
Register platform support module: C:/Program Files/Unity/Hub/Editor/2020.3.31f1/Editor/Data/PlaybackEngines/WindowsStandaloneSupport/UnityEditor.WindowsStandalone.Extensions.dll
Registered in 0.002299 seconds.
Native extension for WindowsStandalone target not found
Native extension for WebGL target not found
Refreshing native plugins compatible for Editor in 37.80 ms, found 3 plugins.
Preloading 0 native plugins for Editor in 0.00 ms.
Mono: successfully reloaded assembly
- Completed reload, in  0.420 seconds
Domain Reload Profiling:
	ReloadAssembly (420ms)
		BeginReloadAssembly (49ms)
			ExecutionOrderSort (0ms)
			DisableScriptedObjects (0ms)
			BackupInstance (0ms)
			ReleaseScriptingObjects (0ms)
			CreateAndSetChildDomain (1ms)
		EndReloadAssembly (315ms)
			LoadAssemblies (48ms)
			RebuildTransferFunctionScriptingTraits (0ms)
			SetupTypeCache (95ms)
			ReleaseScriptCaches (0ms)
			RebuildScriptCaches (18ms)
			SetupLoadedEditorAssemblies (132ms)
				LogAssemblyErrors (0ms)
				InitializePlatformSupportModulesInManaged (4ms)
				SetLoadedEditorAssemblies (0ms)
				RefreshPlugins (38ms)
				BeforeProcessingInitializeOnLoad (9ms)
				ProcessInitializeOnLoadAttributes (62ms)
				ProcessInitializeOnLoadMethodAttributes (19ms)
				AfterProcessingInitializeOnLoad (0ms)
				EditorAssembliesLoaded (0ms)
			ExecutionOrderSort2 (0ms)
			AwakeInstancesAfterBackupRestoration (0ms)
Platform modules already initialized, skipping
Registering precompiled user dll's ...
Registered in 0.003625 seconds.
Begin MonoManager ReloadAssembly
Native extension for WindowsStandalone target not found
Native extension for WebGL target not found
Refreshing native plugins compatible for Editor in 36.52 ms, found 3 plugins.
Preloading 0 native plugins for Editor in 0.00 ms.
Mono: successfully reloaded assembly
- Completed reload, in  0.782 seconds
Domain Reload Profiling:
	ReloadAssembly (782ms)
		BeginReloadAssembly (109ms)
			ExecutionOrderSort (0ms)
			DisableScriptedObjects (4ms)
			BackupInstance (0ms)
			ReleaseScriptingObjects (0ms)
			CreateAndSetChildDomain (16ms)
		EndReloadAssembly (627ms)
			LoadAssemblies (80ms)
			RebuildTransferFunctionScriptingTraits (0ms)
			SetupTypeCache (186ms)
			ReleaseScriptCaches (0ms)
			RebuildScriptCaches (33ms)
			SetupLoadedEditorAssemblies (267ms)
				LogAssemblyErrors (0ms)
				InitializePlatformSupportModulesInManaged (3ms)
				SetLoadedEditorAssemblies (0ms)
				RefreshPlugins (37ms)
				BeforeProcessingInitializeOnLoad (64ms)
				ProcessInitializeOnLoadAttributes (145ms)
				ProcessInitializeOnLoadMethodAttributes (12ms)
				AfterProcessingInitializeOnLoad (6ms)
				EditorAssembliesLoaded (0ms)
			ExecutionOrderSort2 (0ms)
			AwakeInstancesAfterBackupRestoration (4ms)
Platform modules already initialized, skipping
========================================================================
Worker process is ready to serve import requests
Launched and connected shader compiler UnityShaderCompiler.exe after 0.04 seconds
Refreshing native plugins compatible for Editor in 0.47 ms, found 3 plugins.
Preloading 0 native plugins for Editor in 0.00 ms.
Unloading 2350 Unused Serialized files (Serialized files now loaded: 0)
System memory in use before: 102.7 MB.
System memory in use after: 102.7 MB.

Unloading 32 unused Assets to reduce memory usage. Loaded Objects now: 2782.
Total: 2.540800 ms (FindLiveObjects: 0.173300 ms CreateObjectMapping: 0.078000 ms MarkObjects: 2.185300 ms  DeleteObjects: 0.103600 ms)

AssetImportParameters requested are different than current active one (requested -> active):
  requireTextureImportCompression: false -> true
  custom:framework-win-MediaFoundation: 216162199b28c13a410421893ffa2e32 -> 
  custom:video-decoder-ogg-theora: a1e56fd34408186e4bbccfd4996cb3dc -> 
  custom:container-muxer-webm: aa71ff27fc2769a1b78a27578f13a17b -> 
  custom:container-demuxer-webm: 4f35f7cbe854078d1ac9338744f61a02 -> 
  custom:container-demuxer-ogg: 62fdf1f143b41e24485cea50d1cbac27 -> 
  custom:video-encoder-webm-vp8: eb34c28f22e8b96e1ab97ce403110664 -> 
  custom:video-codec-MediaFoundation-h265: 746d11721c4dcdbdad8f713fa42b33f4 -> 
  custom:video-decoder-webm-vp8: 9c59270c3fd7afecdb556c50c9e8de78 -> 
  custom:audio-decoder-ogg-vorbis: bf7c407c2cedff20999df2af8eb42d56 -> 
  custom:audio-encoder-webm-vorbis: bf7c407c2cedff20999df2af8eb42d56 -> 
========================================================================
Received Import Request.
  path: Assets/Forest/env_ground.png
  artifactKey: Guid(0cd138869cf7d1f4497dbb0c9ddc5e14) Importer(815301076,1909f56bfc062723c751e8b465ee728b)
Start importing Assets/Forest/env_ground.png using Guid(0cd138869cf7d1f4497dbb0c9ddc5e14) Importer(815301076,1909f56bfc062723c751e8b465ee728b)  -> (artifact id: '8752a49335e07032621fcb71a1bbbc76') in 0.586297 seconds 
========================================================================
Received Prepare
Registering precompiled user dll's ...
Registered in 0.003455 seconds.
Begin MonoManager ReloadAssembly
Native extension for WindowsStandalone target not found
Native extension for WebGL target not found
Refreshing native plugins compatible for Editor in 0.65 ms, found 3 plugins.
Preloading 0 native plugins for Editor in 0.00 ms.
Mono: successfully reloaded assembly
- Completed reload, in  0.730 seconds
Domain Reload Profiling:
	ReloadAssembly (730ms)
		BeginReloadAssembly (96ms)
			ExecutionOrderSort (0ms)
			DisableScriptedObjects (5ms)
			BackupInstance (0ms)
			ReleaseScriptingObjects (0ms)
			CreateAndSetChildDomain (30ms)
		EndReloadAssembly (592ms)
			LoadAssemblies (77ms)
			RebuildTransferFunctionScriptingTraits (0ms)
			SetupTypeCache (196ms)
			ReleaseScriptCaches (1ms)
			RebuildScriptCaches (28ms)
			SetupLoadedEditorAssemblies (232ms)
				LogAssemblyErrors (0ms)
				InitializePlatformSupportModulesInManaged (5ms)
				SetLoadedEditorAssemblies (0ms)
				RefreshPlugins (1ms)
				BeforeProcessingInitializeOnLoad (71ms)
				ProcessInitializeOnLoadAttributes (143ms)
				ProcessInitializeOnLoadMethodAttributes (8ms)
				AfterProcessingInitializeOnLoad (5ms)
				EditorAssembliesLoaded (0ms)
			ExecutionOrderSort2 (0ms)
			AwakeInstancesAfterBackupRestoration (6ms)
Platform modules already initialized, skipping
Refreshing native plugins compatible for Editor in 0.58 ms, found 3 plugins.
Preloading 0 native plugins for Editor in 0.00 ms.
Unloading 2363 Unused Serialized files (Serialized files now loaded: 0)
System memory in use before: 106.4 MB.
System memory in use after: 106.5 MB.

Unloading 21 unused Assets to reduce memory usage. Loaded Objects now: 2812.
Total: 2.651600 ms (FindLiveObjects: 0.178100 ms CreateObjectMapping: 0.112800 ms MarkObjects: 2.266200 ms  DeleteObjects: 0.093700 ms)

AssetImportParameters requested are different than current active one (requested -> active):
  requireTextureImportCompression: false -> true
  custom:framework-win-MediaFoundation: 216162199b28c13a410421893ffa2e32 -> 
  custom:video-decoder-ogg-theora: a1e56fd34408186e4bbccfd4996cb3dc -> 
  custom:container-muxer-webm: aa71ff27fc2769a1b78a27578f13a17b -> 
  custom:container-demuxer-webm: 4f35f7cbe854078d1ac9338744f61a02 -> 
  custom:container-demuxer-ogg: 62fdf1f143b41e24485cea50d1cbac27 -> 
  custom:video-encoder-webm-vp8: eb34c28f22e8b96e1ab97ce403110664 -> 
  custom:video-codec-MediaFoundation-h265: 746d11721c4dcdbdad8f713fa42b33f4 -> 
  custom:video-decoder-webm-vp8: 9c59270c3fd7afecdb556c50c9e8de78 -> 
  custom:audio-decoder-ogg-vorbis: bf7c407c2cedff20999df2af8eb42d56 -> 
  custom:audio-encoder-webm-vorbis: bf7c407c2cedff20999df2af8eb42d56 -> 
========================================================================
Received Import Request.
  Time since last request: 1080.766431 seconds.
  path: Assets/Forest/New Folder
  artifactKey: Guid(3b21d386b14194f43b32b44460b82e5c) Importer(815301076,1909f56bfc062723c751e8b465ee728b)
Start importing Assets/Forest/New Folder using Guid(3b21d386b14194f43b32b44460b82e5c) Importer(815301076,1909f56bfc062723c751e8b465ee728b)  -> (artifact id: 'f59d0a08fd4fc49db30e8a3255eedbf8') in 0.005337 seconds 
========================================================================
Received Import Request.
  Time since last request: 17.739231 seconds.
  path: Assets/Tileset
  artifactKey: Guid(e16c8ecb3ff93654ba9799c10d795952) Importer(815301076,1909f56bfc062723c751e8b465ee728b)
Start importing Assets/Tileset using Guid(e16c8ecb3ff93654ba9799c10d795952) Importer(815301076,1909f56bfc062723c751e8b465ee728b)  -> (artifact id: '074fd03a33ee5c694206cb5b1f7dbc9c') in 0.002686 seconds 
========================================================================
Received Import Request.
  Time since last request: 47.076316 seconds.
  path: Assets/Tileset/Forest/Forest.asset
  artifactKey: Guid(45b8c90a0466e564889795867e413b21) Importer(815301076,1909f56bfc062723c751e8b465ee728b)
Start importing Assets/Tileset/Forest/Forest.asset using Guid(45b8c90a0466e564889795867e413b21) Importer(815301076,1909f56bfc062723c751e8b465ee728b)  -> (artifact id: 'b59fe0d04d8164513b57b20628b3a60b') in 0.024371 seconds 
========================================================================
Received Import Request.
  Time since last request: 118.532257 seconds.
  path: Assets/tilePalette/forestPalette.prefab
  artifactKey: Guid(cff5858b5252ace49a0c917508d3eb48) Importer(815301076,1909f56bfc062723c751e8b465ee728b)
Start importing Assets/tilePalette/forestPalette.prefab using Guid(cff5858b5252ace49a0c917508d3eb48) Importer(815301076,1909f56bfc062723c751e8b465ee728b)  -> (artifact id: '2d259d91cb4886c6adc90815aedad673') in 0.174009 seconds 
========================================================================
Received Prepare
Registering precompiled user dll's ...
Registered in 0.004012 seconds.
Begin MonoManager ReloadAssembly
Native extension for WindowsStandalone target not found
Native extension for WebGL target not found
Refreshing native plugins compatible for Editor in 0.65 ms, found 3 plugins.
Preloading 0 native plugins for Editor in 0.00 ms.
Mono: successfully reloaded assembly
- Completed reload, in  0.693 seconds
Domain Reload Profiling:
	ReloadAssembly (694ms)
		BeginReloadAssembly (92ms)
			ExecutionOrderSort (0ms)
			DisableScriptedObjects (4ms)
			BackupInstance (0ms)
			ReleaseScriptingObjects (0ms)
			CreateAndSetChildDomain (29ms)
		EndReloadAssembly (559ms)
			LoadAssemblies (73ms)
			RebuildTransferFunctionScriptingTraits (0ms)
			SetupTypeCache (178ms)
			ReleaseScriptCaches (1ms)
			RebuildScriptCaches (29ms)
			SetupLoadedEditorAssemblies (223ms)
				LogAssemblyErrors (0ms)
				InitializePlatformSupportModulesInManaged (4ms)
				SetLoadedEditorAssemblies (0ms)
				RefreshPlugins (1ms)
				BeforeProcessingInitializeOnLoad (68ms)
				ProcessInitializeOnLoadAttributes (135ms)
				ProcessInitializeOnLoadMethodAttributes (9ms)
				AfterProcessingInitializeOnLoad (6ms)
				EditorAssembliesLoaded (0ms)
			ExecutionOrderSort2 (0ms)
			AwakeInstancesAfterBackupRestoration (7ms)
Platform modules already initialized, skipping
Refreshing native plugins compatible for Editor in 0.54 ms, found 3 plugins.
Preloading 0 native plugins for Editor in 0.00 ms.
Unloading 2363 Unused Serialized files (Serialized files now loaded: 0)
System memory in use before: 106.8 MB.
System memory in use after: 106.8 MB.

Unloading 21 unused Assets to reduce memory usage. Loaded Objects now: 2819.
Total: 2.602200 ms (FindLiveObjects: 0.162000 ms CreateObjectMapping: 0.060300 ms MarkObjects: 2.284500 ms  DeleteObjects: 0.095000 ms)

AssetImportParameters requested are different than current active one (requested -> active):
  requireTextureImportCompression: false -> true
  custom:framework-win-MediaFoundation: 216162199b28c13a410421893ffa2e32 -> 
  custom:video-decoder-ogg-theora: a1e56fd34408186e4bbccfd4996cb3dc -> 
  custom:container-muxer-webm: aa71ff27fc2769a1b78a27578f13a17b -> 
  custom:container-demuxer-webm: 4f35f7cbe854078d1ac9338744f61a02 -> 
  custom:container-demuxer-ogg: 62fdf1f143b41e24485cea50d1cbac27 -> 
  custom:video-encoder-webm-vp8: eb34c28f22e8b96e1ab97ce403110664 -> 
  custom:video-codec-MediaFoundation-h265: 746d11721c4dcdbdad8f713fa42b33f4 -> 
  custom:video-decoder-webm-vp8: 9c59270c3fd7afecdb556c50c9e8de78 -> 
  custom:audio-decoder-ogg-vorbis: bf7c407c2cedff20999df2af8eb42d56 -> 
  custom:audio-encoder-webm-vorbis: bf7c407c2cedff20999df2af8eb42d56 -> 
========================================================================
Received Prepare
Registering precompiled user dll's ...
Registered in 0.003492 seconds.
Begin MonoManager ReloadAssembly
Native extension for WindowsStandalone target not found
Native extension for WebGL target not found
Refreshing native plugins compatible for Editor in 0.53 ms, found 3 plugins.
Preloading 0 native plugins for Editor in 0.00 ms.
Mono: successfully reloaded assembly
- Completed reload, in  0.681 seconds
Domain Reload Profiling:
	ReloadAssembly (681ms)
		BeginReloadAssembly (89ms)
			ExecutionOrderSort (0ms)
			DisableScriptedObjects (4ms)
			BackupInstance (0ms)
			ReleaseScriptingObjects (0ms)
			CreateAndSetChildDomain (25ms)
		EndReloadAssembly (550ms)
			LoadAssemblies (75ms)
			RebuildTransferFunctionScriptingTraits (0ms)
			SetupTypeCache (178ms)
			ReleaseScriptCaches (1ms)
			RebuildScriptCaches (27ms)
			SetupLoadedEditorAssemblies (215ms)
				LogAssemblyErrors (0ms)
				InitializePlatformSupportModulesInManaged (4ms)
				SetLoadedEditorAssemblies (0ms)
				RefreshPlugins (1ms)
				BeforeProcessingInitializeOnLoad (66ms)
				ProcessInitializeOnLoadAttributes (132ms)
				ProcessInitializeOnLoadMethodAttributes (7ms)
				AfterProcessingInitializeOnLoad (5ms)
				EditorAssembliesLoaded (0ms)
			ExecutionOrderSort2 (0ms)
			AwakeInstancesAfterBackupRestoration (7ms)
Platform modules already initialized, skipping
Refreshing native plugins compatible for Editor in 0.50 ms, found 3 plugins.
Preloading 0 native plugins for Editor in 0.00 ms.
Unloading 2363 Unused Serialized files (Serialized files now loaded: 0)
System memory in use before: 106.8 MB.
System memory in use after: 106.9 MB.

Unloading 21 unused Assets to reduce memory usage. Loaded Objects now: 2822.
Total: 2.529500 ms (FindLiveObjects: 0.149500 ms CreateObjectMapping: 0.060900 ms MarkObjects: 2.220800 ms  DeleteObjects: 0.097600 ms)

AssetImportParameters requested are different than current active one (requested -> active):
  requireTextureImportCompression: false -> true
  custom:framework-win-MediaFoundation: 216162199b28c13a410421893ffa2e32 -> 
  custom:video-decoder-ogg-theora: a1e56fd34408186e4bbccfd4996cb3dc -> 
  custom:container-muxer-webm: aa71ff27fc2769a1b78a27578f13a17b -> 
  custom:container-demuxer-webm: 4f35f7cbe854078d1ac9338744f61a02 -> 
  custom:container-demuxer-ogg: 62fdf1f143b41e24485cea50d1cbac27 -> 
  custom:video-encoder-webm-vp8: eb34c28f22e8b96e1ab97ce403110664 -> 
  custom:video-codec-MediaFoundation-h265: 746d11721c4dcdbdad8f713fa42b33f4 -> 
  custom:video-decoder-webm-vp8: 9c59270c3fd7afecdb556c50c9e8de78 -> 
  custom:audio-decoder-ogg-vorbis: bf7c407c2cedff20999df2af8eb42d56 -> 
  custom:audio-encoder-webm-vorbis: bf7c407c2cedff20999df2af8eb42d56 -> 
========================================================================
Received Import Request.
  Time since last request: 2950.810417 seconds.
  path: Assets/Tileset/Forest/env_ground.png
  artifactKey: Guid(0cd138869cf7d1f4497dbb0c9ddc5e14) Importer(815301076,1909f56bfc062723c751e8b465ee728b)
Start importing Assets/Tileset/Forest/env_ground.png using Guid(0cd138869cf7d1f4497dbb0c9ddc5e14) Importer(815301076,1909f56bfc062723c751e8b465ee728b)  -> (artifact id: 'de2bb37e840abac5d3cd09ed31e172b3') in 0.725193 seconds 
========================================================================
Received Import Request.
  Time since last request: 1765.485272 seconds.
  path: Assets/Tiles/env_ground_0.asset
  artifactKey: Guid(42c061d005fc4db42b2fa4613291a068) Importer(815301076,1909f56bfc062723c751e8b465ee728b)
Start importing Assets/Tiles/env_ground_0.asset using Guid(42c061d005fc4db42b2fa4613291a068) Importer(815301076,1909f56bfc062723c751e8b465ee728b)  -> (artifact id: '5163c6681bd72eef9dae1376c8c5f421') in 0.013477 seconds 
========================================================================
Received Import Request.
  Time since last request: 0.000107 seconds.
  path: Assets/Tiles/env_ground_23.asset
  artifactKey: Guid(8d6a29a49af0ab1479337b0a81eb64a5) Importer(815301076,1909f56bfc062723c751e8b465ee728b)
Start importing Assets/Tiles/env_ground_23.asset using Guid(8d6a29a49af0ab1479337b0a81eb64a5) Importer(815301076,1909f56bfc062723c751e8b465ee728b)  -> (artifact id: '0d4f6b8e0977223296009a9f8fda2e60') in 0.006246 seconds 
========================================================================
Received Import Request.
  Time since last request: 0.000093 seconds.
  path: Assets/Tiles/env_ground_44.asset
  artifactKey: Guid(4a9d2dd85c7b9a348b2ad3da70f127d6) Importer(815301076,1909f56bfc062723c751e8b465ee728b)
Start importing Assets/Tiles/env_ground_44.asset using Guid(4a9d2dd85c7b9a348b2ad3da70f127d6) Importer(815301076,1909f56bfc062723c751e8b465ee728b)  -> (artifact id: '0017b6bd2421af0392dc145a1a6b059b') in 0.005289 seconds 
========================================================================
Received Import Request.
  Time since last request: 0.000093 seconds.
  path: Assets/Tiles/env_ground_19.asset
  artifactKey: Guid(71345b4a277d0f94b9c34b5bc9c35ca2) Importer(815301076,1909f56bfc062723c751e8b465ee728b)
Start importing Assets/Tiles/env_ground_19.asset using Guid(71345b4a277d0f94b9c34b5bc9c35ca2) Importer(815301076,1909f56bfc062723c751e8b465ee728b)  -> (artifact id: '0b357080711eb57cbf44e96428730249') in 0.009316 seconds 
========================================================================
Received Import Request.
  Time since last request: 0.000101 seconds.
  path: Assets/Tiles/env_ground_51.asset
  artifactKey: Guid(df658c11bbf67cd4fb4c58d4190dc66a) Importer(815301076,1909f56bfc062723c751e8b465ee728b)
Start importing Assets/Tiles/env_ground_51.asset using Guid(df658c11bbf67cd4fb4c58d4190dc66a) Importer(815301076,1909f56bfc062723c751e8b465ee728b)  -> (artifact id: '5c72db2ea1b55cf1563617db304b9c6e') in 0.005720 seconds 
========================================================================
Received Import Request.
  Time since last request: 0.000096 seconds.
  path: Assets/Tiles/env_ground_55.asset
  artifactKey: Guid(67538f83adb50954a851dc8adafa5574) Importer(815301076,1909f56bfc062723c751e8b465ee728b)
Start importing Assets/Tiles/env_ground_55.asset using Guid(67538f83adb50954a851dc8adafa5574) Importer(815301076,1909f56bfc062723c751e8b465ee728b)  -> (artifact id: '8cd38a8a346228506149a3bbc92fb2b3') in 0.005211 seconds 
========================================================================
Received Import Request.
  Time since last request: 0.000105 seconds.
  path: Assets/Tiles/env_ground_5.asset
  artifactKey: Guid(1ebfad90a4d257b418f87d086d4c01b1) Importer(815301076,1909f56bfc062723c751e8b465ee728b)
Start importing Assets/Tiles/env_ground_5.asset using Guid(1ebfad90a4d257b418f87d086d4c01b1) Importer(815301076,1909f56bfc062723c751e8b465ee728b)  -> (artifact id: 'f4de74cbf41ef34f4bc286256300d254') in 0.007623 seconds 
========================================================================
Received Import Request.
  Time since last request: 0.000096 seconds.
  path: Assets/Tiles/env_ground_76.asset
  artifactKey: Guid(f5d34bbcaf9d65e4e97ebb3ef9f4c107) Importer(815301076,1909f56bfc062723c751e8b465ee728b)
Start importing Assets/Tiles/env_ground_76.asset using Guid(f5d34bbcaf9d65e4e97ebb3ef9f4c107) Importer(815301076,1909f56bfc062723c751e8b465ee728b)  -> (artifact id: '21ca6083cc2b13a43960e6432f876b7d') in 0.006485 seconds 
========================================================================
Received Import Request.
  Time since last request: 0.000109 seconds.
  path: Assets/Tiles/env_ground_2.asset
  artifactKey: Guid(3cb2e556e77c3054688779f0b083814c) Importer(815301076,1909f56bfc062723c751e8b465ee728b)
Start importing Assets/Tiles/env_ground_2.asset using Guid(3cb2e556e77c3054688779f0b083814c) Importer(815301076,1909f56bfc062723c751e8b465ee728b)  -> (artifact id: '80f9a4bf39cf49b2a1494f771c2093da') in 0.004278 seconds 
========================================================================
Received Import Request.
  Time since last request: 0.000111 seconds.
  path: Assets/Tiles/env_ground_3.asset
  artifactKey: Guid(78305597034d9114aab7a50afcd2d0e5) Importer(815301076,1909f56bfc062723c751e8b465ee728b)
Start importing Assets/Tiles/env_ground_3.asset using Guid(78305597034d9114aab7a50afcd2d0e5) Importer(815301076,1909f56bfc062723c751e8b465ee728b)  -> (artifact id: '0afc03b4ae05be853dde5977c92b5d20') in 0.005899 seconds 
========================================================================
Received Import Request.
  Time since last request: 0.000101 seconds.
  path: Assets/Tiles/env_ground_75.asset
  artifactKey: Guid(f65335281532d8f4fa4eea20dc832900) Importer(815301076,1909f56bfc062723c751e8b465ee728b)
Start importing Assets/Tiles/env_ground_75.asset using Guid(f65335281532d8f4fa4eea20dc832900) Importer(815301076,1909f56bfc062723c751e8b465ee728b)  -> (artifact id: '7f8a8556c84fa44e769efecbe67ab902') in 0.004819 seconds 
========================================================================
Received Import Request.
  Time since last request: 0.000097 seconds.
  path: Assets/Tiles/env_ground_38.asset
  artifactKey: Guid(8ae4cb44b42268442961a685cf86bcab) Importer(815301076,1909f56bfc062723c751e8b465ee728b)
Start importing Assets/Tiles/env_ground_38.asset using Guid(8ae4cb44b42268442961a685cf86bcab) Importer(815301076,1909f56bfc062723c751e8b465ee728b)  -> (artifact id: '1b9e2a4aaf55fb11033dced69a954131') in 0.005347 seconds 
========================================================================
Received Import Request.
  Time since last request: 0.000107 seconds.
  path: Assets/Tiles/env_ground_70.asset
  artifactKey: Guid(84e9fec7d6e9fe243a788506ff2c608a) Importer(815301076,1909f56bfc062723c751e8b465ee728b)
Start importing Assets/Tiles/env_ground_70.asset using Guid(84e9fec7d6e9fe243a788506ff2c608a) Importer(815301076,1909f56bfc062723c751e8b465ee728b)  -> (artifact id: '3b44b103eb48668ef5fe4629391ca9a6') in 0.005525 seconds 
========================================================================
Received Import Request.
  Time since last request: 0.000107 seconds.
  path: Assets/Tiles/env_ground_39.asset
  artifactKey: Guid(10ed9c56546af4648bf8766934678f46) Importer(815301076,1909f56bfc062723c751e8b465ee728b)
Start importing Assets/Tiles/env_ground_39.asset using Guid(10ed9c56546af4648bf8766934678f46) Importer(815301076,1909f56bfc062723c751e8b465ee728b)  -> (artifact id: '43183ad6fba79e85706590bf24b9c644') in 0.005391 seconds 
========================================================================
Received Import Request.
  Time since last request: 0.000102 seconds.
  path: Assets/Tiles/env_ground_81.asset
  artifactKey: Guid(488d0284997026946b57844cd98bf3f9) Importer(815301076,1909f56bfc062723c751e8b465ee728b)
Start importing Assets/Tiles/env_ground_81.asset using Guid(488d0284997026946b57844cd98bf3f9) Importer(815301076,1909f56bfc062723c751e8b465ee728b)  -> (artifact id: '1bb5f375a7c50cf41b0dd28a53b7974e') in 0.004760 seconds 
========================================================================
Received Import Request.
  Time since last request: 0.000092 seconds.
  path: Assets/Tiles/env_ground_25.asset
  artifactKey: Guid(5bd6b4b646c5fc54d94fc8baf4c5ffee) Importer(815301076,1909f56bfc062723c751e8b465ee728b)
Start importing Assets/Tiles/env_ground_25.asset using Guid(5bd6b4b646c5fc54d94fc8baf4c5ffee) Importer(815301076,1909f56bfc062723c751e8b465ee728b)  -> (artifact id: 'b9db31c6a655006d09d7107282630ab0') in 0.005019 seconds 
========================================================================
Received Import Request.
  Time since last request: 0.000129 seconds.
  path: Assets/Tiles/env_ground_78.asset
  artifactKey: Guid(8ca21d6930545e94088be4b340f6e4fb) Importer(815301076,1909f56bfc062723c751e8b465ee728b)
Start importing Assets/Tiles/env_ground_78.asset using Guid(8ca21d6930545e94088be4b340f6e4fb) Importer(815301076,1909f56bfc062723c751e8b465ee728b)  -> (artifact id: 'ab59996ce8f6b5822e2c2ebec0acaa26') in 0.005684 seconds 
========================================================================
Received Import Request.
  Time since last request: 0.000105 seconds.
  path: Assets/Tiles/env_ground_24.asset
  artifactKey: Guid(b308a8d8fbfc78949843c48b88f6479d) Importer(815301076,1909f56bfc062723c751e8b465ee728b)
Start importing Assets/Tiles/env_ground_24.asset using Guid(b308a8d8fbfc78949843c48b88f6479d) Importer(815301076,1909f56bfc062723c751e8b465ee728b)  -> (artifact id: 'db30cb40f38374777622330b54e844bc') in 0.004917 seconds 
========================================================================
Received Import Request.
  Time since last request: 0.000090 seconds.
  path: Assets/Tiles/env_ground_66.asset
  artifactKey: Guid(e40b9e64b0bbd0c4c93373d8a2d36100) Importer(815301076,1909f56bfc062723c751e8b465ee728b)
Start importing Assets/Tiles/env_ground_66.asset using Guid(e40b9e64b0bbd0c4c93373d8a2d36100) Importer(815301076,1909f56bfc062723c751e8b465ee728b)  -> (artifact id: 'ae57bb4b69fde328f4c9c60a8de923b6') in 0.005267 seconds 
========================================================================
Received Import Request.
  Time since last request: 0.000116 seconds.
  path: Assets/Tiles/env_ground_36.asset
  artifactKey: Guid(e549c9bb8f5541448847c26eb751b6f8) Importer(815301076,1909f56bfc062723c751e8b465ee728b)
Start importing Assets/Tiles/env_ground_36.asset using Guid(e549c9bb8f5541448847c26eb751b6f8) Importer(815301076,1909f56bfc062723c751e8b465ee728b)  -> (artifact id: '7c4b4a01d4694bb65113d455839ae8d4') in 0.004948 seconds 
========================================================================
Received Import Request.
  Time since last request: 0.000094 seconds.
  path: Assets/Tiles/env_ground_43.asset
  artifactKey: Guid(758d77753c8527544a5bc989a40943cc) Importer(815301076,1909f56bfc062723c751e8b465ee728b)
Start importing Assets/Tiles/env_ground_43.asset using Guid(758d77753c8527544a5bc989a40943cc) Importer(815301076,1909f56bfc062723c751e8b465ee728b)  -> (artifact id: '3e58dc9af53a8ce33138121061cf36ba') in 0.005491 seconds 
========================================================================
Received Import Request.
  Time since last request: 0.000109 seconds.
  path: Assets/Tiles/env_ground_64.asset
  artifactKey: Guid(ede511b71f9912840ade7aec8519d501) Importer(815301076,1909f56bfc062723c751e8b465ee728b)
Start importing Assets/Tiles/env_ground_64.asset using Guid(ede511b71f9912840ade7aec8519d501) Importer(815301076,1909f56bfc062723c751e8b465ee728b)  -> (artifact id: 'd7c16d0282bc243f404b6ee25b9f2a78') in 0.005348 seconds 
========================================================================
Received Import Request.
  Time since last request: 0.000107 seconds.
  path: Assets/Tiles/env_ground_40.asset
  artifactKey: Guid(5714f6b1d7906c64483c935de6431c8c) Importer(815301076,1909f56bfc062723c751e8b465ee728b)
Start importing Assets/Tiles/env_ground_40.asset using Guid(5714f6b1d7906c64483c935de6431c8c) Importer(815301076,1909f56bfc062723c751e8b465ee728b)  -> (artifact id: '71d7948e6cdf9eb58363eaa804f55a02') in 0.005809 seconds 
========================================================================
Received Import Request.
  Time since last request: 0.000104 seconds.
  path: Assets/Tiles/env_ground_72.asset
  artifactKey: Guid(656d484de0d2aa348954598c5fbd2759) Importer(815301076,1909f56bfc062723c751e8b465ee728b)
Start importing Assets/Tiles/env_ground_72.asset using Guid(656d484de0d2aa348954598c5fbd2759) Importer(815301076,1909f56bfc062723c751e8b465ee728b)  -> (artifact id: '3d4c534d9492adba7098410c2d177c44') in 0.005492 seconds 
========================================================================
Received Import Request.
  Time since last request: 0.000133 seconds.
  path: Assets/Tiles/env_ground_83.asset
  artifactKey: Guid(42899931c1bbe1a48b593036d7403046) Importer(815301076,1909f56bfc062723c751e8b465ee728b)
Start importing Assets/Tiles/env_ground_83.asset using Guid(42899931c1bbe1a48b593036d7403046) Importer(815301076,1909f56bfc062723c751e8b465ee728b)  -> (artifact id: '4f71b2a53feb9141fe0f34ba9977a866') in 0.006357 seconds 
========================================================================
Received Import Request.
  Time since last request: 0.000107 seconds.
  path: Assets/Tiles/env_ground_69.asset
  artifactKey: Guid(135a10012fa2861408d85de66726508a) Importer(815301076,1909f56bfc062723c751e8b465ee728b)
Start importing Assets/Tiles/env_ground_69.asset using Guid(135a10012fa2861408d85de66726508a) Importer(815301076,1909f56bfc062723c751e8b465ee728b)  -> (artifact id: 'f7271f556bcf64349f7f502c128cabc8') in 0.005674 seconds 
========================================================================
Received Import Request.
  Time since last request: 0.000121 seconds.
  path: Assets/Tiles/env_ground_84.asset
  artifactKey: Guid(3ad45c8bbc520a240b262d77fb0f8e18) Importer(815301076,1909f56bfc062723c751e8b465ee728b)
Start importing Assets/Tiles/env_ground_84.asset using Guid(3ad45c8bbc520a240b262d77fb0f8e18) Importer(815301076,1909f56bfc062723c751e8b465ee728b)  -> (artifact id: '42dc8df0da4677875cea78ddfdb1b78f') in 0.006507 seconds 
========================================================================
Received Import Request.
  Time since last request: 0.000145 seconds.
  path: Assets/Tiles/env_ground_31.asset
  artifactKey: Guid(aef57c70ad7189f45b30c8ce11eaf346) Importer(815301076,1909f56bfc062723c751e8b465ee728b)
Start importing Assets/Tiles/env_ground_31.asset using Guid(aef57c70ad7189f45b30c8ce11eaf346) Importer(815301076,1909f56bfc062723c751e8b465ee728b)  -> (artifact id: 'e3f38af1dcf1b3f91fa35b4c78443d79') in 0.004658 seconds 
========================================================================
Received Import Request.
  Time since last request: 0.000127 seconds.
  path: Assets/Tiles/env_ground_17.asset
  artifactKey: Guid(5909b5af2055f604ab54ab728ee0de73) Importer(815301076,1909f56bfc062723c751e8b465ee728b)
Start importing Assets/Tiles/env_ground_17.asset using Guid(5909b5af2055f604ab54ab728ee0de73) Importer(815301076,1909f56bfc062723c751e8b465ee728b)  -> (artifact id: 'e28a2ba8c7d3e490fc429aa5301ce7ad') in 0.006540 seconds 
========================================================================
Received Import Request.
  Time since last request: 0.000121 seconds.
  path: Assets/Tiles/env_ground_9.asset
  artifactKey: Guid(33c608e05dce7f84b9c2b4be06554a19) Importer(815301076,1909f56bfc062723c751e8b465ee728b)
Start importing Assets/Tiles/env_ground_9.asset using Guid(33c608e05dce7f84b9c2b4be06554a19) Importer(815301076,1909f56bfc062723c751e8b465ee728b)  -> (artifact id: '78f76525c6fe72767c0ef3ffa10bb7ec') in 0.004741 seconds 
========================================================================
Received Import Request.
  Time since last request: 0.000134 seconds.
  path: Assets/Tiles/env_ground_16.asset
  artifactKey: Guid(eb8fca80bbf9ef241ad81bb8e4b57c3d) Importer(815301076,1909f56bfc062723c751e8b465ee728b)
Start importing Assets/Tiles/env_ground_16.asset using Guid(eb8fca80bbf9ef241ad81bb8e4b57c3d) Importer(815301076,1909f56bfc062723c751e8b465ee728b)  -> (artifact id: '41f04edff9346cff26624cb3ef1d2393') in 0.006345 seconds 
========================================================================
Received Import Request.
  Time since last request: 0.000106 seconds.
  path: Assets/Tiles/env_ground_53.asset
  artifactKey: Guid(4153c9b9c32ab6642a2afa354a08bcda) Importer(815301076,1909f56bfc062723c751e8b465ee728b)
Start importing Assets/Tiles/env_ground_53.asset using Guid(4153c9b9c32ab6642a2afa354a08bcda) Importer(815301076,1909f56bfc062723c751e8b465ee728b)  -> (artifact id: 'd0268b58194d72676edb45dcaa630d78') in 0.005896 seconds 
========================================================================
Received Import Request.
  Time since last request: 0.000118 seconds.
  path: Assets/Tiles/env_ground_12.asset
  artifactKey: Guid(286c0f3fa86ce884a826c5173fb8d9a7) Importer(815301076,1909f56bfc062723c751e8b465ee728b)
Start importing Assets/Tiles/env_ground_12.asset using Guid(286c0f3fa86ce884a826c5173fb8d9a7) Importer(815301076,1909f56bfc062723c751e8b465ee728b)  -> (artifact id: 'f8d07d9009c1c246c4a24b36a6dce0b8') in 0.006148 seconds 
========================================================================
Received Import Request.
  Time since last request: 0.000114 seconds.
  path: Assets/Tiles/env_ground_63.asset
  artifactKey: Guid(d1482f3dc73a97749b29b551d16b5fc7) Importer(815301076,1909f56bfc062723c751e8b465ee728b)
Start importing Assets/Tiles/env_ground_63.asset using Guid(d1482f3dc73a97749b29b551d16b5fc7) Importer(815301076,1909f56bfc062723c751e8b465ee728b)  -> (artifact id: '5ba2bd025c588259c86997e7de2c9a83') in 0.006052 seconds 
========================================================================
Received Import Request.
  Time since last request: 0.000104 seconds.
  path: Assets/Tiles/env_ground_45.asset
  artifactKey: Guid(f6db8c06bb414dd4cacd394c83580761) Importer(815301076,1909f56bfc062723c751e8b465ee728b)
Start importing Assets/Tiles/env_ground_45.asset using Guid(f6db8c06bb414dd4cacd394c83580761) Importer(815301076,1909f56bfc062723c751e8b465ee728b)  -> (artifact id: 'c2f8d7ab335e4b990a65c4f2532b70e2') in 0.005389 seconds 
========================================================================
Received Import Request.
  Time since last request: 0.000112 seconds.
  path: Assets/Tiles/env_ground_33.asset
  artifactKey: Guid(e8a83ec024d480f4ba4bfe2e30b532f1) Importer(815301076,1909f56bfc062723c751e8b465ee728b)
Start importing Assets/Tiles/env_ground_33.asset using Guid(e8a83ec024d480f4ba4bfe2e30b532f1) Importer(815301076,1909f56bfc062723c751e8b465ee728b)  -> (artifact id: '7494ab260a1dd27e13a61bb639824e92') in 0.005758 seconds 
========================================================================
Received Import Request.
  Time since last request: 0.000112 seconds.
  path: Assets/Tiles/env_ground_52.asset
  artifactKey: Guid(8d038a2439d1b874e9e47afd7809d4ff) Importer(815301076,1909f56bfc062723c751e8b465ee728b)
Start importing Assets/Tiles/env_ground_52.asset using Guid(8d038a2439d1b874e9e47afd7809d4ff) Importer(815301076,1909f56bfc062723c751e8b465ee728b)  -> (artifact id: 'b1f58539875d385f0f7ab97a80ac0965') in 0.005486 seconds 
========================================================================
Received Import Request.
  Time since last request: 0.000094 seconds.
  path: Assets/Tiles/env_ground_37.asset
  artifactKey: Guid(bfdc1f091a6d5204597de1be28dbb6d8) Importer(815301076,1909f56bfc062723c751e8b465ee728b)
Start importing Assets/Tiles/env_ground_37.asset using Guid(bfdc1f091a6d5204597de1be28dbb6d8) Importer(815301076,1909f56bfc062723c751e8b465ee728b)  -> (artifact id: '1287dea8ec343120002dc69fc3ea78ce') in 0.005187 seconds 
========================================================================
Received Import Request.
  Time since last request: 0.000113 seconds.
  path: Assets/Tiles/env_ground_47.asset
  artifactKey: Guid(d7624f2c052cec8409a3c7a72d1d8824) Importer(815301076,1909f56bfc062723c751e8b465ee728b)
Start importing Assets/Tiles/env_ground_47.asset using Guid(d7624f2c052cec8409a3c7a72d1d8824) Importer(815301076,1909f56bfc062723c751e8b465ee728b)  -> (artifact id: '3f418b3a52177c530530a1bf18c9b23d') in 0.006409 seconds 
========================================================================
Received Import Request.
  Time since last request: 0.000102 seconds.
  path: Assets/Tiles/env_ground_26.asset
  artifactKey: Guid(322d5aa26c0d3d84fa55ad70afd76582) Importer(815301076,1909f56bfc062723c751e8b465ee728b)
Start importing Assets/Tiles/env_ground_26.asset using Guid(322d5aa26c0d3d84fa55ad70afd76582) Importer(815301076,1909f56bfc062723c751e8b465ee728b)  -> (artifact id: '6fa03c248257e113a72c202f08f966a0') in 0.005324 seconds 
========================================================================
Received Import Request.
  Time since last request: 0.000101 seconds.
  path: Assets/Tiles/env_ground_34.asset
  artifactKey: Guid(af647c7104c5e7446bc5c4807986b83e) Importer(815301076,1909f56bfc062723c751e8b465ee728b)
Start importing Assets/Tiles/env_ground_34.asset using Guid(af647c7104c5e7446bc5c4807986b83e) Importer(815301076,1909f56bfc062723c751e8b465ee728b)  -> (artifact id: '9cbf8b5cdbbf389c9cc91c00ec9d702f') in 0.005729 seconds 
========================================================================
Received Import Request.
  Time since last request: 0.000110 seconds.
  path: Assets/Tiles/env_ground_35.asset
  artifactKey: Guid(4f00f73c0187ee943bad42e8f65484a6) Importer(815301076,1909f56bfc062723c751e8b465ee728b)
Start importing Assets/Tiles/env_ground_35.asset using Guid(4f00f73c0187ee943bad42e8f65484a6) Importer(815301076,1909f56bfc062723c751e8b465ee728b)  -> (artifact id: 'aa1c75b1e1e785932e209bcf9343f713') in 0.005578 seconds 
========================================================================
Received Import Request.
  Time since last request: 0.000110 seconds.
  path: Assets/Tiles/env_ground_32.asset
  artifactKey: Guid(d972d1f6b72e47347b089125091fa552) Importer(815301076,1909f56bfc062723c751e8b465ee728b)
Start importing Assets/Tiles/env_ground_32.asset using Guid(d972d1f6b72e47347b089125091fa552) Importer(815301076,1909f56bfc062723c751e8b465ee728b)  -> (artifact id: '96f6cc5b9123cdab3e94a1ac76b1715a') in 0.003694 seconds 
========================================================================
Received Import Request.
  Time since last request: 0.000100 seconds.
  path: Assets/Tiles/env_ground_46.asset
  artifactKey: Guid(7e0a4488f0173a944af1813809e1c24a) Importer(815301076,1909f56bfc062723c751e8b465ee728b)
Start importing Assets/Tiles/env_ground_46.asset using Guid(7e0a4488f0173a944af1813809e1c24a) Importer(815301076,1909f56bfc062723c751e8b465ee728b)  -> (artifact id: 'e677a65d7d3736b03ca2f1b206ecff58') in 0.005223 seconds 
========================================================================
Received Import Request.
  Time since last request: 0.000121 seconds.
  path: Assets/Tiles/env_ground_68.asset
  artifactKey: Guid(b941bc850d8761242878fd46e2c9a8c0) Importer(815301076,1909f56bfc062723c751e8b465ee728b)
Start importing Assets/Tiles/env_ground_68.asset using Guid(b941bc850d8761242878fd46e2c9a8c0) Importer(815301076,1909f56bfc062723c751e8b465ee728b)  -> (artifact id: '226f47a1098b4308667173f032314073') in 0.005504 seconds 
========================================================================
Received Import Request.
  Time since last request: 0.000109 seconds.
  path: Assets/Tiles/env_ground_74.asset
  artifactKey: Guid(8f3420ad649035c47b60943c72ec2a2b) Importer(815301076,1909f56bfc062723c751e8b465ee728b)
Start importing Assets/Tiles/env_ground_74.asset using Guid(8f3420ad649035c47b60943c72ec2a2b) Importer(815301076,1909f56bfc062723c751e8b465ee728b)  -> (artifact id: 'f28f9a22ae33be534f16e36d125359f7') in 0.005192 seconds 
========================================================================
Received Import Request.
  Time since last request: 0.000104 seconds.
  path: Assets/Tiles/env_ground_67.asset
  artifactKey: Guid(ca9489b403bf6fc4fa820dc9deef238f) Importer(815301076,1909f56bfc062723c751e8b465ee728b)
Start importing Assets/Tiles/env_ground_67.asset using Guid(ca9489b403bf6fc4fa820dc9deef238f) Importer(815301076,1909f56bfc062723c751e8b465ee728b)  -> (artifact id: 'f39254fe787ca8592d437d0226a3ffab') in 0.005524 seconds 
========================================================================
Received Import Request.
  Time since last request: 0.000105 seconds.
  path: Assets/Tiles/env_ground_48.asset
  artifactKey: Guid(c3a2aab164916f548a725929337ad17e) Importer(815301076,1909f56bfc062723c751e8b465ee728b)
Start importing Assets/Tiles/env_ground_48.asset using Guid(c3a2aab164916f548a725929337ad17e) Importer(815301076,1909f56bfc062723c751e8b465ee728b)  -> (artifact id: '86db0e70b74a624db14e66370d92e58d') in 0.005373 seconds 
========================================================================
Received Import Request.
  Time since last request: 0.000094 seconds.
  path: Assets/Tiles/env_ground_49.asset
  artifactKey: Guid(06a19a6ad94c31e46be3b7b32c76c24a) Importer(815301076,1909f56bfc062723c751e8b465ee728b)
Start importing Assets/Tiles/env_ground_49.asset using Guid(06a19a6ad94c31e46be3b7b32c76c24a) Importer(815301076,1909f56bfc062723c751e8b465ee728b)  -> (artifact id: '4d2ee98010b7b72e123e43c4e2d6cce8') in 0.005761 seconds 
========================================================================
Received Import Request.
  Time since last request: 0.000120 seconds.
  path: Assets/Tiles/env_ground_61.asset
  artifactKey: Guid(f68663f5c779ebc49b10c955c1cea1e1) Importer(815301076,1909f56bfc062723c751e8b465ee728b)
Start importing Assets/Tiles/env_ground_61.asset using Guid(f68663f5c779ebc49b10c955c1cea1e1) Importer(815301076,1909f56bfc062723c751e8b465ee728b)  -> (artifact id: '180fdfcad00d86ebc4cf7a64b8a52882') in 0.005767 seconds 
========================================================================
Received Import Request.
  Time since last request: 0.000098 seconds.
  path: Assets/Tiles/env_ground_20.asset
  artifactKey: Guid(9cf7d9051e3e9474699a470a5b0232fd) Importer(815301076,1909f56bfc062723c751e8b465ee728b)
Start importing Assets/Tiles/env_ground_20.asset using Guid(9cf7d9051e3e9474699a470a5b0232fd) Importer(815301076,1909f56bfc062723c751e8b465ee728b)  -> (artifact id: 'fa0fe991051b150dac4149291ab1e330') in 0.005966 seconds 
========================================================================
Received Import Request.
  Time since last request: 0.000109 seconds.
  path: Assets/Tiles/env_ground_29.asset
  artifactKey: Guid(4983601be41b151428724e6308e6cd26) Importer(815301076,1909f56bfc062723c751e8b465ee728b)
Start importing Assets/Tiles/env_ground_29.asset using Guid(4983601be41b151428724e6308e6cd26) Importer(815301076,1909f56bfc062723c751e8b465ee728b)  -> (artifact id: '5be1a46b8744f0448ab712cfec80b68b') in 0.005412 seconds 
========================================================================
Received Import Request.
  Time since last request: 0.000131 seconds.
  path: Assets/Tiles/env_ground_80.asset
  artifactKey: Guid(4a827d43bec919844861f2beaced8699) Importer(815301076,1909f56bfc062723c751e8b465ee728b)
Start importing Assets/Tiles/env_ground_80.asset using Guid(4a827d43bec919844861f2beaced8699) Importer(815301076,1909f56bfc062723c751e8b465ee728b)  -> (artifact id: 'ff07def91858925d94af24a7e81e5574') in 0.005673 seconds 
========================================================================
Received Import Request.
  Time since last request: 0.000114 seconds.
  path: Assets/Tiles/env_ground_1.asset
  artifactKey: Guid(7860ce97f8637ea4090337f626a3f3ac) Importer(815301076,1909f56bfc062723c751e8b465ee728b)
Start importing Assets/Tiles/env_ground_1.asset using Guid(7860ce97f8637ea4090337f626a3f3ac) Importer(815301076,1909f56bfc062723c751e8b465ee728b)  -> (artifact id: '370fece63c57ca083b891b64c0dc6b7f') in 0.003821 seconds 
========================================================================
Received Import Request.
  Time since last request: 0.000099 seconds.
  path: Assets/Tiles/env_ground_41.asset
  artifactKey: Guid(db5da571f7cb6c9489546abf4132c232) Importer(815301076,1909f56bfc062723c751e8b465ee728b)
Start importing Assets/Tiles/env_ground_41.asset using Guid(db5da571f7cb6c9489546abf4132c232) Importer(815301076,1909f56bfc062723c751e8b465ee728b)  -> (artifact id: 'b187bf640b0c8071552371d1882694e6') in 0.005557 seconds 
========================================================================
Received Import Request.
  Time since last request: 0.000130 seconds.
  path: Assets/Tiles/env_ground_77.asset
  artifactKey: Guid(d6963fc06244f7b488b102513c593265) Importer(815301076,1909f56bfc062723c751e8b465ee728b)
Start importing Assets/Tiles/env_ground_77.asset using Guid(d6963fc06244f7b488b102513c593265) Importer(815301076,1909f56bfc062723c751e8b465ee728b)  -> (artifact id: '4cf22dddb88e611591523a60e3a4cc96') in 0.005628 seconds 
========================================================================
Received Import Request.
  Time since last request: 0.000102 seconds.
  path: Assets/Tiles/env_ground_50.asset
  artifactKey: Guid(0a8e43565319bc345a8399c4a99e9596) Importer(815301076,1909f56bfc062723c751e8b465ee728b)
Start importing Assets/Tiles/env_ground_50.asset using Guid(0a8e43565319bc345a8399c4a99e9596) Importer(815301076,1909f56bfc062723c751e8b465ee728b)  -> (artifact id: 'd63fd4b960ca914e2f2181b02163554c') in 0.005400 seconds 
========================================================================
Received Import Request.
  Time since last request: 0.000113 seconds.
  path: Assets/Tiles/env_ground_62.asset
  artifactKey: Guid(317ee9f5e8edff84981697945729d5b8) Importer(815301076,1909f56bfc062723c751e8b465ee728b)
Start importing Assets/Tiles/env_ground_62.asset using Guid(317ee9f5e8edff84981697945729d5b8) Importer(815301076,1909f56bfc062723c751e8b465ee728b)  -> (artifact id: 'af9f8fa86ee8bc298fb8a2f197872848') in 0.006568 seconds 
========================================================================
Received Import Request.
  Time since last request: 0.000103 seconds.
  path: Assets/Tiles/env_ground_42.asset
  artifactKey: Guid(8f9bd55c480454b4a80f7113c8b17839) Importer(815301076,1909f56bfc062723c751e8b465ee728b)
Start importing Assets/Tiles/env_ground_42.asset using Guid(8f9bd55c480454b4a80f7113c8b17839) Importer(815301076,1909f56bfc062723c751e8b465ee728b)  -> (artifact id: 'a667d454c4659d7e7cf5a6f18ec439cf') in 0.005534 seconds 
========================================================================
Received Import Request.
  Time since last request: 0.000106 seconds.
  path: Assets/Tiles/env_ground_10.asset
  artifactKey: Guid(74ad2c35c45dc1f468098f2634d99f18) Importer(815301076,1909f56bfc062723c751e8b465ee728b)
Start importing Assets/Tiles/env_ground_10.asset using Guid(74ad2c35c45dc1f468098f2634d99f18) Importer(815301076,1909f56bfc062723c751e8b465ee728b)  -> (artifact id: 'b961ade88b392fc86327707ac8e95760') in 0.003835 seconds 
========================================================================
Received Import Request.
  Time since last request: 0.000129 seconds.
  path: Assets/Tiles/env_ground_13.asset
  artifactKey: Guid(dd5a5b04991df3d42898ee0abfb460f7) Importer(815301076,1909f56bfc062723c751e8b465ee728b)
Start importing Assets/Tiles/env_ground_13.asset using Guid(dd5a5b04991df3d42898ee0abfb460f7) Importer(815301076,1909f56bfc062723c751e8b465ee728b)  -> (artifact id: '6edf2b05527ae825b025bdf8c39230a7') in 0.005373 seconds 
========================================================================
Received Import Request.
  Time since last request: 0.000128 seconds.
  path: Assets/Tiles/env_ground_30.asset
  artifactKey: Guid(9db1f5f02ec9caa4b83a22c381e052f9) Importer(815301076,1909f56bfc062723c751e8b465ee728b)
Start importing Assets/Tiles/env_ground_30.asset using Guid(9db1f5f02ec9caa4b83a22c381e052f9) Importer(815301076,1909f56bfc062723c751e8b465ee728b)  -> (artifact id: '5c187327a51d940df628922640ddb1ba') in 0.005901 seconds 
========================================================================
Received Import Request.
  Time since last request: 0.000112 seconds.
  path: Assets/Tiles/env_ground_65.asset
  artifactKey: Guid(04126f49d1230ac4cbf0493aeca6cc14) Importer(815301076,1909f56bfc062723c751e8b465ee728b)
Start importing Assets/Tiles/env_ground_65.asset using Guid(04126f49d1230ac4cbf0493aeca6cc14) Importer(815301076,1909f56bfc062723c751e8b465ee728b)  -> (artifact id: '05d2845fb40e72b45cc9e14631677dd3') in 0.005561 seconds 
========================================================================
Received Import Request.
  Time since last request: 0.000117 seconds.
  path: Assets/Tiles/env_ground_14.asset
  artifactKey: Guid(95099aa506eef114699b6c8b4cc8bf1d) Importer(815301076,1909f56bfc062723c751e8b465ee728b)
Start importing Assets/Tiles/env_ground_14.asset using Guid(95099aa506eef114699b6c8b4cc8bf1d) Importer(815301076,1909f56bfc062723c751e8b465ee728b)  -> (artifact id: 'cb21360b1da15cabf17894847c56c754') in 0.005940 seconds 
========================================================================
Received Import Request.
  Time since last request: 0.000109 seconds.
  path: Assets/Tiles/env_ground_6.asset
  artifactKey: Guid(ca3f6a236898239479cda81c4f37b859) Importer(815301076,1909f56bfc062723c751e8b465ee728b)
Start importing Assets/Tiles/env_ground_6.asset using Guid(ca3f6a236898239479cda81c4f37b859) Importer(815301076,1909f56bfc062723c751e8b465ee728b)  -> (artifact id: '2e2d10952b915ea309bcc12978efb7f2') in 0.005198 seconds 
========================================================================
Received Import Request.
  Time since last request: 0.000117 seconds.
  path: Assets/Tiles/env_ground_22.asset
  artifactKey: Guid(b61ea80198c79d849aa6083d0331c74d) Importer(815301076,1909f56bfc062723c751e8b465ee728b)
Start importing Assets/Tiles/env_ground_22.asset using Guid(b61ea80198c79d849aa6083d0331c74d) Importer(815301076,1909f56bfc062723c751e8b465ee728b)  -> (artifact id: '8e21718fa4a31ff6ef591a5f065e1f1c') in 0.007123 seconds 
========================================================================
Received Import Request.
  Time since last request: 0.000112 seconds.
  path: Assets/Tiles/env_ground_27.asset
  artifactKey: Guid(4c156758c402279409db7db8422a218c) Importer(815301076,1909f56bfc062723c751e8b465ee728b)
Start importing Assets/Tiles/env_ground_27.asset using Guid(4c156758c402279409db7db8422a218c) Importer(815301076,1909f56bfc062723c751e8b465ee728b)  -> (artifact id: 'bc282685fd3ffdd88300c79eff42bd3d') in 0.005523 seconds 
========================================================================
Received Import Request.
  Time since last request: 0.000114 seconds.
  path: Assets/Tiles/env_ground_56.asset
  artifactKey: Guid(e99d860b8dc975b42a0d0973cf76a113) Importer(815301076,1909f56bfc062723c751e8b465ee728b)
Start importing Assets/Tiles/env_ground_56.asset using Guid(e99d860b8dc975b42a0d0973cf76a113) Importer(815301076,1909f56bfc062723c751e8b465ee728b)  -> (artifact id: '35172753ebdc129b03bc48ab4ecc2873') in 0.005569 seconds 
========================================================================
Received Import Request.
  Time since last request: 0.000103 seconds.
  path: Assets/Tiles/env_ground_7.asset
  artifactKey: Guid(657c807701e15304fa8ec73140bb6363) Importer(815301076,1909f56bfc062723c751e8b465ee728b)
Start importing Assets/Tiles/env_ground_7.asset using Guid(657c807701e15304fa8ec73140bb6363) Importer(815301076,1909f56bfc062723c751e8b465ee728b)  -> (artifact id: '20386f468e54afb679b9768a2d6057ef') in 0.005259 seconds 
========================================================================
Received Import Request.
  Time since last request: 0.000130 seconds.
  path: Assets/Tiles/env_ground_79.asset
  artifactKey: Guid(2810b150a15916444882d6f9719bb043) Importer(815301076,1909f56bfc062723c751e8b465ee728b)
Start importing Assets/Tiles/env_ground_79.asset using Guid(2810b150a15916444882d6f9719bb043) Importer(815301076,1909f56bfc062723c751e8b465ee728b)  -> (artifact id: '4cef432f5e13e34eb334a69092929f12') in 0.005641 seconds 
========================================================================
Received Import Request.
  Time since last request: 0.000110 seconds.
  path: Assets/Tiles/env_ground_18.asset
  artifactKey: Guid(67b9f5f47b72704448fe789df6ded0cc) Importer(815301076,1909f56bfc062723c751e8b465ee728b)
Start importing Assets/Tiles/env_ground_18.asset using Guid(67b9f5f47b72704448fe789df6ded0cc) Importer(815301076,1909f56bfc062723c751e8b465ee728b)  -> (artifact id: '76ff90d9cb096f8947bd600e6cbebb91') in 0.005544 seconds 
========================================================================
Received Import Request.
  Time since last request: 0.000102 seconds.
  path: Assets/Tiles/env_ground_60.asset
  artifactKey: Guid(3ac32bac1d447bf4ebf98fc797502169) Importer(815301076,1909f56bfc062723c751e8b465ee728b)
Start importing Assets/Tiles/env_ground_60.asset using Guid(3ac32bac1d447bf4ebf98fc797502169) Importer(815301076,1909f56bfc062723c751e8b465ee728b)  -> (artifact id: '14536c65705c8bdccbb5efd920e2e361') in 0.005443 seconds 
========================================================================
Received Import Request.
  Time since last request: 0.000113 seconds.
  path: Assets/Tiles/env_ground_11.asset
  artifactKey: Guid(8e6b05e4acf4c6e4581d08ad0364d722) Importer(815301076,1909f56bfc062723c751e8b465ee728b)
Start importing Assets/Tiles/env_ground_11.asset using Guid(8e6b05e4acf4c6e4581d08ad0364d722) Importer(815301076,1909f56bfc062723c751e8b465ee728b)  -> (artifact id: 'bfad65e1d270c31fc250b46dbc33417a') in 0.004021 seconds 
========================================================================
Received Import Request.
  Time since last request: 0.000104 seconds.
  path: Assets/Tiles/env_ground_73.asset
  artifactKey: Guid(4ae122a3d8b3d2246aef00f7700a88a9) Importer(815301076,1909f56bfc062723c751e8b465ee728b)
Start importing Assets/Tiles/env_ground_73.asset using Guid(4ae122a3d8b3d2246aef00f7700a88a9) Importer(815301076,1909f56bfc062723c751e8b465ee728b)  -> (artifact id: 'acfa4ebc31439f55a2b8fb9b610a0982') in 0.005735 seconds 
========================================================================
Received Import Request.
  Time since last request: 0.000101 seconds.
  path: Assets/Tiles/env_ground_8.asset
  artifactKey: Guid(26daa9017b300874ebe824873c2f47bb) Importer(815301076,1909f56bfc062723c751e8b465ee728b)
Start importing Assets/Tiles/env_ground_8.asset using Guid(26daa9017b300874ebe824873c2f47bb) Importer(815301076,1909f56bfc062723c751e8b465ee728b)  -> (artifact id: 'bbfd574cfd487f88a25c8c8d9ae60d3f') in 0.005432 seconds 
========================================================================
Received Import Request.
  Time since last request: 0.000113 seconds.
  path: Assets/Tiles/env_ground_82.asset
  artifactKey: Guid(1006970241c0ee34a9b32d95df8349de) Importer(815301076,1909f56bfc062723c751e8b465ee728b)
Start importing Assets/Tiles/env_ground_82.asset using Guid(1006970241c0ee34a9b32d95df8349de) Importer(815301076,1909f56bfc062723c751e8b465ee728b)  -> (artifact id: '4cbbf3ebd1a332122d2a1898aea0b3f0') in 0.005793 seconds 
========================================================================
Received Import Request.
  Time since last request: 0.000110 seconds.
  path: Assets/Tiles/env_ground_28.asset
  artifactKey: Guid(c55487c0f1a8a154a955df51884ffbd0) Importer(815301076,1909f56bfc062723c751e8b465ee728b)
Start importing Assets/Tiles/env_ground_28.asset using Guid(c55487c0f1a8a154a955df51884ffbd0) Importer(815301076,1909f56bfc062723c751e8b465ee728b)  -> (artifact id: 'd975e5f44afbbb4fbe80da3985a96a78') in 0.005271 seconds 
========================================================================
Received Import Request.
  Time since last request: 0.000105 seconds.
  path: Assets/Tiles/env_ground_15.asset
  artifactKey: Guid(d49a5f7307ed04d45a7841495b30b37c) Importer(815301076,1909f56bfc062723c751e8b465ee728b)
Start importing Assets/Tiles/env_ground_15.asset using Guid(d49a5f7307ed04d45a7841495b30b37c) Importer(815301076,1909f56bfc062723c751e8b465ee728b)  -> (artifact id: '0e2c29654b15558db35c3cdd5bf6cb63') in 0.005826 seconds 
========================================================================
Received Import Request.
  Time since last request: 0.000119 seconds.
  path: Assets/Tiles/env_ground_54.asset
  artifactKey: Guid(a11261298df29574bbf2c22307402b4a) Importer(815301076,1909f56bfc062723c751e8b465ee728b)
Start importing Assets/Tiles/env_ground_54.asset using Guid(a11261298df29574bbf2c22307402b4a) Importer(815301076,1909f56bfc062723c751e8b465ee728b)  -> (artifact id: 'dc3bfc41c12eb81fcf7e25f5926da009') in 0.005512 seconds 
========================================================================
Received Import Request.
  Time since last request: 0.000104 seconds.
  path: Assets/Tiles/env_ground_71.asset
  artifactKey: Guid(c159d32bb510209429afde4b30712174) Importer(815301076,1909f56bfc062723c751e8b465ee728b)
Start importing Assets/Tiles/env_ground_71.asset using Guid(c159d32bb510209429afde4b30712174) Importer(815301076,1909f56bfc062723c751e8b465ee728b)  -> (artifact id: 'c23ff4527852e39ac6252ffaaf019cce') in 0.005441 seconds 
========================================================================
Received Import Request.
  Time since last request: 0.000108 seconds.
  path: Assets/Tiles/env_ground_59.asset
  artifactKey: Guid(47fbd1e43f098c84ea213cae6a835398) Importer(815301076,1909f56bfc062723c751e8b465ee728b)
Start importing Assets/Tiles/env_ground_59.asset using Guid(47fbd1e43f098c84ea213cae6a835398) Importer(815301076,1909f56bfc062723c751e8b465ee728b)  -> (artifact id: 'ea7ea169c4731e270ae1cc7f77afe1fe') in 0.006063 seconds 
========================================================================
Received Import Request.
  Time since last request: 0.000111 seconds.
  path: Assets/Tiles/env_ground_58.asset
  artifactKey: Guid(fe1f782cf3c23c649b97227515f61d6b) Importer(815301076,1909f56bfc062723c751e8b465ee728b)
Start importing Assets/Tiles/env_ground_58.asset using Guid(fe1f782cf3c23c649b97227515f61d6b) Importer(815301076,1909f56bfc062723c751e8b465ee728b)  -> (artifact id: '6edb2cfd54dcc46511e1e7595696183c') in 0.005416 seconds 
========================================================================
Received Import Request.
  Time since last request: 0.000129 seconds.
  path: Assets/Tiles/env_ground_57.asset
  artifactKey: Guid(22a177ef8e834fe46902bca96e7cf11e) Importer(815301076,1909f56bfc062723c751e8b465ee728b)
Start importing Assets/Tiles/env_ground_57.asset using Guid(22a177ef8e834fe46902bca96e7cf11e) Importer(815301076,1909f56bfc062723c751e8b465ee728b)  -> (artifact id: '4348d94b3150c100c1f634cf303a7d00') in 0.005994 seconds 
========================================================================
Received Import Request.
  Time since last request: 0.000106 seconds.
  path: Assets/Tiles/env_ground_4.asset
  artifactKey: Guid(bc6438514308c53479ed091d2a5e37a1) Importer(815301076,1909f56bfc062723c751e8b465ee728b)
Start importing Assets/Tiles/env_ground_4.asset using Guid(bc6438514308c53479ed091d2a5e37a1) Importer(815301076,1909f56bfc062723c751e8b465ee728b)  -> (artifact id: '1b26bcda4f5f977627ffd40817f3ac91') in 0.005417 seconds 
========================================================================
Received Import Request.
  Time since last request: 0.000102 seconds.
  path: Assets/Tiles/env_ground_21.asset
  artifactKey: Guid(73c3f80e66d28f74aa541a15af0370f5) Importer(815301076,1909f56bfc062723c751e8b465ee728b)
Start importing Assets/Tiles/env_ground_21.asset using Guid(73c3f80e66d28f74aa541a15af0370f5) Importer(815301076,1909f56bfc062723c751e8b465ee728b)  -> (artifact id: '9b34ac8696de4ae7d9dfd55cd9b5e240') in 0.004383 seconds 
AssetImportWorkerClient::OnTransportError - code=2 error=End of file
